<?xml version="1.0" encoding="UTF-8"?>
<!-- Generated by org.testng.reporters.JUnitXMLReporter -->
<testsuite hostname="EPRURYAW7112" ignored="0" name="AnotherWayForDeleting" tests="4" failures="0" timestamp="22 апр 2019 14:05:04 GMT" time="60.999" errors="0">
  <testcase name="writtingOfNewLetter" time="17.958" classname="ru.tests.usabilityTests.AnotherWayForDeletingTest"/>
  <testcase name="writtingOfNewLetter" time="16.429" classname="ru.tests.usabilityTests.AnotherWayForDeletingTest"/>
  <testcase name="writtingOfNewLetter" time="16.109" classname="ru.tests.usabilityTests.AnotherWayForDeletingTest"/>
  <testcase name="deletingMessagesWithCtrlA" time="1.129" classname="ru.tests.usabilityTests.AnotherWayForDeletingTest"/>
</testsuite> <!-- AnotherWayForDeleting -->
