<?xml version="1.0" encoding="UTF-8"?>
<!-- Generated by org.testng.reporters.JUnitXMLReporter -->
<testsuite hostname="EPRURYAW7112" ignored="0" name="DraftTest" tests="3" failures="0" timestamp="15 апр 2019 15:21:48 GMT" time="46.888" errors="0">
  <testcase name="checkingLastDraft" time="13.679" classname="ru.tests.DraftTest"/>
  <testcase name="checkingLastDraft" time="13.153" classname="ru.tests.DraftTest"/>
  <testcase name="checkingLastDraft" time="13.159" classname="ru.tests.DraftTest"/>
</testsuite> <!-- DraftTest -->
