<?xml version="1.0" encoding="UTF-8"?>
<!-- Generated by org.testng.reporters.JUnitXMLReporter -->
<testsuite hostname="EPRURYAW7112" ignored="0" name="DraftTest" tests="3" failures="0" timestamp="22 апр 2019 14:02:22 GMT" time="54.913" errors="0">
  <testcase name="checkingLastDraft" time="14.964" classname="ru.tests.DraftTest"/>
  <testcase name="checkingLastDraft" time="14.382" classname="ru.tests.DraftTest"/>
  <testcase name="checkingLastDraft" time="14.793" classname="ru.tests.DraftTest"/>
</testsuite> <!-- DraftTest -->
