<?xml version="1.0" encoding="UTF-8"?>
<!-- Generated by org.testng.reporters.JUnitXMLReporter -->
<testsuite hostname="EPRURYAW7112" ignored="0" name="DragAndDropTest" tests="2" failures="0" timestamp="17 апр 2019 08:42:20 GMT" time="37.217" errors="0">
  <testcase name="writtingOfNewLetter" time="15.95" classname="ru.tests.usabilityTests.AnotherWayForDeletingTest"/>
  <testcase name="deletingMessagesWithCtrlA" time="1.012" classname="ru.tests.usabilityTests.AnotherWayForDeletingTest"/>
</testsuite> <!-- DragAndDropTest -->
