<?xml version="1.0" encoding="UTF-8"?>
<!-- Generated by org.testng.reporters.JUnitXMLReporter -->
<testsuite hostname="EPRURYAW7112" ignored="0" name="NewMessageTest" tests="3" failures="0" timestamp="15 апр 2019 15:20:53 GMT" time="52.108" errors="0">
  <testcase name="writtingOfNewLetter" time="12.74" classname="ru.tests.NewLetterTest"/>
  <testcase name="writtingOfNewLetter" time="11.927" classname="ru.tests.NewLetterTest"/>
  <testcase name="writtingOfNewLetter" time="11.946" classname="ru.tests.NewLetterTest"/>
</testsuite> <!-- NewMessageTest -->
