<?xml version="1.0" encoding="UTF-8"?>
<!-- Generated by org.testng.reporters.JUnitXMLReporter -->
<testsuite hostname="EPRURYAW7112" ignored="0" name="NewMessageTest" tests="3" failures="0" timestamp="22 апр 2019 14:01:20 GMT" time="51.608" errors="0">
  <testcase name="writtingOfNewLetter" time="14.647" classname="ru.tests.NewLetterTest"/>
  <testcase name="writtingOfNewLetter" time="13.61" classname="ru.tests.NewLetterTest"/>
  <testcase name="writtingOfNewLetter" time="12.484" classname="ru.tests.NewLetterTest"/>
</testsuite> <!-- NewMessageTest -->
