<?xml version="1.0" encoding="UTF-8"?>
<!-- Generated by org.testng.reporters.JUnitXMLReporter -->
<testsuite hostname="EPRURYAW7112" ignored="0" name="SendTest" tests="7" failures="0" timestamp="15 апр 2019 15:23:25 GMT" time="97.099" errors="0">
  <testcase name="writtingOfNewLetter" time="15.061" classname="ru.tests.SendLetterTest"/>
  <testcase name="writtingOfNewLetter" time="17.612" classname="ru.tests.SendLetterTest"/>
  <testcase name="writtingOfNewLetter" time="14.601" classname="ru.tests.SendLetterTest"/>
  <testcase name="checkingLastSentLetter" time="13.84" classname="ru.tests.SendLetterTest"/>
  <testcase name="checkingLastSentLetter" time="14.576" classname="ru.tests.SendLetterTest"/>
  <testcase name="checkingLastSentLetter" time="14.27" classname="ru.tests.SendLetterTest"/>
  <testcase name="deleteAll" time="0.2" classname="ru.tests.SendLetterTest"/>
</testsuite> <!-- SendTest -->
