<?xml version="1.0" encoding="UTF-8"?>
<testng-results skipped="0" failed="0" ignored="0" total="1" passed="1">
  <reporter-output>
  </reporter-output>
  <suite name="Suite" duration-ms="11275" started-at="2019-04-23T11:46:05Z" finished-at="2019-04-23T11:46:16Z">
    <groups>
    </groups>
    <test name="LoginTest" duration-ms="11275" started-at="2019-04-23T11:46:05Z" finished-at="2019-04-23T11:46:16Z">
      <class name="ru.tests.LoginTest">
        <test-method status="PASS" signature="totalCleanUp(java.lang.String, java.lang.String, java.lang.String)[pri:0, instance:ru.tests.LoginTest@27adc16e]" name="totalCleanUp" is-config="true" duration-ms="33668" started-at="2019-04-23T11:45:31Z" finished-at="2019-04-23T11:46:05Z">
          <params>
            <param index="0">
              <value>
                <![CDATA[seleniumtest00]]>
              </value>
            </param>
            <param index="1">
              <value>
                <![CDATA[gfhjkmlkzntcnjd]]>
              </value>
            </param>
            <param index="2">
              <value>
                <![CDATA[https://mail.yahoo.com]]>
              </value>
            </param>
          </params>
          <reporter-output>
          </reporter-output>
        </test-method> <!-- totalCleanUp -->
        <test-method status="PASS" signature="goToStartPageAndLogin(java.lang.String, java.lang.String, java.lang.String)[pri:0, instance:ru.tests.LoginTest@27adc16e]" name="goToStartPageAndLogin" is-config="true" duration-ms="6913" started-at="2019-04-23T11:46:05Z" finished-at="2019-04-23T11:46:12Z">
          <params>
            <param index="0">
              <value>
                <![CDATA[seleniumtest00]]>
              </value>
            </param>
            <param index="1">
              <value>
                <![CDATA[gfhjkmlkzntcnjd]]>
              </value>
            </param>
            <param index="2">
              <value>
                <![CDATA[https://mail.yahoo.com]]>
              </value>
            </param>
          </params>
          <reporter-output>
          </reporter-output>
        </test-method> <!-- goToStartPageAndLogin -->
        <test-method status="PASS" signature="checkLoginning(java.lang.String)[pri:0, instance:ru.tests.LoginTest@27adc16e]" name="checkLoginning" duration-ms="149" started-at="2019-04-23T11:46:12Z" finished-at="2019-04-23T11:46:12Z">
          <params>
            <param index="0">
              <value>
                <![CDATA[seleniumtest00]]>
              </value>
            </param>
          </params>
          <reporter-output>
          </reporter-output>
        </test-method> <!-- checkLoginning -->
        <test-method status="PASS" signature="logout()[pri:0, instance:ru.tests.LoginTest@27adc16e]" name="logout" is-config="true" duration-ms="4198" started-at="2019-04-23T11:46:12Z" finished-at="2019-04-23T11:46:16Z">
          <reporter-output>
          </reporter-output>
        </test-method> <!-- logout -->
        <test-method status="PASS" signature="closeDriver()[pri:0, instance:ru.tests.LoginTest@27adc16e]" name="closeDriver" is-config="true" duration-ms="1266" started-at="2019-04-23T11:46:16Z" finished-at="2019-04-23T11:46:17Z">
          <reporter-output>
          </reporter-output>
        </test-method> <!-- closeDriver -->
      </class> <!-- ru.tests.LoginTest -->
    </test> <!-- LoginTest -->
  </suite> <!-- Suite -->
</testng-results>
